<?xml version="1.0" encoding="UTF-8"?>
<testng-results ignored="0" total="1" passed="1" failed="0" skipped="0">
  <reporter-output>
  </reporter-output>
  <suite started-at="2021-10-19T13:40:58 CDT" name="Default suite" finished-at="2021-10-19T13:41:09 CDT" duration-ms="11245">
    <groups>
    </groups>
    <test started-at="2021-10-19T13:40:58 CDT" name="Default test" finished-at="2021-10-19T13:41:09 CDT" duration-ms="11245">
      <class name="PageObject.initiateBrowser">
        <test-method is-config="true" signature="setup()[pri:0, instance:PageObject.initiateBrowser@2805d709]" started-at="2021-10-19T13:40:58 CDT" name="setup" finished-at="2021-10-19T13:41:08 CDT" duration-ms="10038" status="PASS">
          <reporter-output>
          </reporter-output>
        </test-method> <!-- setup -->
        <test-method signature="login()[pri:0, instance:PageObject.initiateBrowser@2805d709]" started-at="2021-10-19T13:41:08 CDT" name="login" finished-at="2021-10-19T13:41:08 CDT" duration-ms="404" status="PASS">
          <reporter-output>
          </reporter-output>
        </test-method> <!-- login -->
        <test-method is-config="true" signature="teardown()[pri:0, instance:PageObject.initiateBrowser@2805d709]" started-at="2021-10-19T13:41:08 CDT" name="teardown" finished-at="2021-10-19T13:41:09 CDT" duration-ms="723" status="PASS">
          <reporter-output>
          </reporter-output>
        </test-method> <!-- teardown -->
      </class> <!-- PageObject.initiateBrowser -->
    </test> <!-- Default test -->
  </suite> <!-- Default suite -->
</testng-results>
